2024-01-03 21:06:32 0 [Note] Starting MariaDB 10.4.32-MariaDB source revision c4143f909528e3fab0677a28631d10389354c491 as process 14988
2024-01-03 21:06:32 0 [Note] InnoDB: Mutexes and rw_locks use Windows interlocked functions
2024-01-03 21:06:32 0 [Note] InnoDB: Uses event mutexes
2024-01-03 21:06:32 0 [Note] InnoDB: Compressed tables use zlib 1.3
2024-01-03 21:06:32 0 [Note] InnoDB: Number of pools: 1
2024-01-03 21:06:32 0 [Note] InnoDB: Using SSE2 crc32 instructions
2024-01-03 21:06:32 0 [Note] InnoDB: Initializing buffer pool, total size = 16M, instances = 1, chunk size = 16M
2024-01-03 21:06:32 0 [Note] InnoDB: Completed initialization of buffer pool
2024-01-03 21:06:32 0 [Note] InnoDB: Starting crash recovery from checkpoint LSN=300288
2024-01-03 21:06:33 0 [Note] InnoDB: 128 out of 128 rollback segments are active.
2024-01-03 21:06:33 0 [Note] InnoDB: Removed temporary tablespace data file: "ibtmp1"
2024-01-03 21:06:33 0 [Note] InnoDB: Creating shared tablespace for temporary tables
2024-01-03 21:06:33 0 [Note] InnoDB: Setting file 'C:\Users\eduar\Desktop\estoque\mysql\data\ibtmp1' size to 12 MB. Physically writing the file full; Please wait ...
2024-01-03 21:06:33 0 [Note] InnoDB: File 'C:\Users\eduar\Desktop\estoque\mysql\data\ibtmp1' size is now 12 MB.
2024-01-03 21:06:33 0 [Note] InnoDB: Waiting for purge to start
2024-01-03 21:06:33 0 [Note] InnoDB: 10.4.32 started; log sequence number 300297; transaction id 170
2024-01-03 21:06:33 0 [Note] Plugin 'FEEDBACK' is disabled.
2024-01-03 21:06:33 0 [Note] InnoDB: Loading buffer pool(s) from C:\Users\eduar\Desktop\estoque\mysql\data\ib_buffer_pool
2024-01-03 21:06:33 0 [Note] InnoDB: Buffer pool(s) load completed at 240103 21:06:33
2024-01-03 21:06:33 0 [Note] Server socket created on IP: '::'.
2024-01-03 21:22:23 0 [Note] Starting MariaDB 10.4.32-MariaDB source revision c4143f909528e3fab0677a28631d10389354c491 as process 18356
2024-01-03 21:22:23 0 [Note] InnoDB: Mutexes and rw_locks use Windows interlocked functions
2024-01-03 21:22:23 0 [Note] InnoDB: Uses event mutexes
2024-01-03 21:22:23 0 [Note] InnoDB: Compressed tables use zlib 1.3
2024-01-03 21:22:23 0 [Note] InnoDB: Number of pools: 1
2024-01-03 21:22:23 0 [Note] InnoDB: Using SSE2 crc32 instructions
2024-01-03 21:22:23 0 [Note] InnoDB: Initializing buffer pool, total size = 16M, instances = 1, chunk size = 16M
2024-01-03 21:22:23 0 [Note] InnoDB: Completed initialization of buffer pool
2024-01-03 21:22:23 0 [Note] InnoDB: Starting crash recovery from checkpoint LSN=303400
2024-01-03 21:22:23 0 [Note] InnoDB: 128 out of 128 rollback segments are active.
2024-01-03 21:22:23 0 [Note] InnoDB: Removed temporary tablespace data file: "ibtmp1"
2024-01-03 21:22:23 0 [Note] InnoDB: Creating shared tablespace for temporary tables
2024-01-03 21:22:23 0 [Note] InnoDB: Setting file 'C:\Users\eduar\Desktop\estoque\mysql\data\ibtmp1' size to 12 MB. Physically writing the file full; Please wait ...
2024-01-03 21:22:23 0 [Note] InnoDB: File 'C:\Users\eduar\Desktop\estoque\mysql\data\ibtmp1' size is now 12 MB.
2024-01-03 21:22:23 0 [Note] InnoDB: Waiting for purge to start
2024-01-03 21:22:23 0 [Note] InnoDB: 10.4.32 started; log sequence number 303409; transaction id 197
2024-01-03 21:22:23 0 [Note] InnoDB: Loading buffer pool(s) from C:\Users\eduar\Desktop\estoque\mysql\data\ib_buffer_pool
2024-01-03 21:22:23 0 [Note] Plugin 'FEEDBACK' is disabled.
2024-01-03 21:22:23 0 [Note] Server socket created on IP: '::'.
2024-01-03 21:29:13 0 [Note] Starting MariaDB 10.4.32-MariaDB source revision c4143f909528e3fab0677a28631d10389354c491 as process 3004
2024-01-03 21:29:13 0 [Note] InnoDB: Mutexes and rw_locks use Windows interlocked functions
2024-01-03 21:29:13 0 [Note] InnoDB: Uses event mutexes
2024-01-03 21:29:13 0 [Note] InnoDB: Compressed tables use zlib 1.3
2024-01-03 21:29:13 0 [Note] InnoDB: Number of pools: 1
2024-01-03 21:29:13 0 [Note] InnoDB: Using SSE2 crc32 instructions
2024-01-03 21:29:13 0 [Note] InnoDB: Initializing buffer pool, total size = 16M, instances = 1, chunk size = 16M
2024-01-03 21:29:13 0 [Note] InnoDB: Completed initialization of buffer pool
2024-01-03 21:29:13 0 [Note] InnoDB: Starting crash recovery from checkpoint LSN=303418
2024-01-03 21:29:14 0 [Note] InnoDB: 128 out of 128 rollback segments are active.
2024-01-03 21:29:14 0 [Note] InnoDB: Removed temporary tablespace data file: "ibtmp1"
2024-01-03 21:29:14 0 [Note] InnoDB: Creating shared tablespace for temporary tables
2024-01-03 21:29:14 0 [Note] InnoDB: Setting file 'C:\Users\eduar\Desktop\estoque\mysql\data\ibtmp1' size to 12 MB. Physically writing the file full; Please wait ...
2024-01-03 21:29:14 0 [Note] InnoDB: File 'C:\Users\eduar\Desktop\estoque\mysql\data\ibtmp1' size is now 12 MB.
2024-01-03 21:29:14 0 [Note] InnoDB: Waiting for purge to start
2024-01-03 21:29:14 0 [Note] InnoDB: 10.4.32 started; log sequence number 303427; transaction id 197
2024-01-03 21:29:14 0 [Note] InnoDB: Loading buffer pool(s) from C:\Users\eduar\Desktop\estoque\mysql\data\ib_buffer_pool
2024-01-03 21:29:14 0 [Note] Plugin 'FEEDBACK' is disabled.
2024-01-03 21:29:14 0 [Note] InnoDB: Buffer pool(s) load completed at 240103 21:29:14
2024-01-03 21:29:14 0 [Note] Server socket created on IP: '::'.
2024-01-03 21:37:15 0 [Note] Starting MariaDB 10.4.32-MariaDB source revision c4143f909528e3fab0677a28631d10389354c491 as process 13832
2024-01-03 21:37:15 0 [Note] InnoDB: Mutexes and rw_locks use Windows interlocked functions
2024-01-03 21:37:15 0 [Note] InnoDB: Uses event mutexes
2024-01-03 21:37:15 0 [Note] InnoDB: Compressed tables use zlib 1.3
2024-01-03 21:37:15 0 [Note] InnoDB: Number of pools: 1
2024-01-03 21:37:15 0 [Note] InnoDB: Using SSE2 crc32 instructions
2024-01-03 21:37:15 0 [Note] InnoDB: Initializing buffer pool, total size = 16M, instances = 1, chunk size = 16M
2024-01-03 21:37:15 0 [Note] InnoDB: Completed initialization of buffer pool
2024-01-03 21:37:15 0 [Note] InnoDB: Starting crash recovery from checkpoint LSN=303436
2024-01-03 21:37:15 0 [Note] InnoDB: 128 out of 128 rollback segments are active.
2024-01-03 21:37:15 0 [Note] InnoDB: Removed temporary tablespace data file: "ibtmp1"
2024-01-03 21:37:15 0 [Note] InnoDB: Creating shared tablespace for temporary tables
2024-01-03 21:37:15 0 [Note] InnoDB: Setting file 'C:\Users\eduar\Desktop\estoque\mysql\data\ibtmp1' size to 12 MB. Physically writing the file full; Please wait ...
2024-01-03 21:37:15 0 [Note] InnoDB: File 'C:\Users\eduar\Desktop\estoque\mysql\data\ibtmp1' size is now 12 MB.
2024-01-03 21:37:15 0 [Note] InnoDB: Waiting for purge to start
2024-01-03 21:37:15 0 [Note] InnoDB: 10.4.32 started; log sequence number 303445; transaction id 197
2024-01-03 21:37:15 0 [Note] InnoDB: Loading buffer pool(s) from C:\Users\eduar\Desktop\estoque\mysql\data\ib_buffer_pool
2024-01-03 21:37:15 0 [Note] Plugin 'FEEDBACK' is disabled.
2024-01-03 21:37:15 0 [Note] Server socket created on IP: '::'.
2024-01-03 21:41:30 0 [Note] Starting MariaDB 10.4.32-MariaDB source revision c4143f909528e3fab0677a28631d10389354c491 as process 8640
2024-01-03 21:41:30 0 [Note] InnoDB: Mutexes and rw_locks use Windows interlocked functions
2024-01-03 21:41:30 0 [Note] InnoDB: Uses event mutexes
2024-01-03 21:41:30 0 [Note] InnoDB: Compressed tables use zlib 1.3
2024-01-03 21:41:30 0 [Note] InnoDB: Number of pools: 1
2024-01-03 21:41:30 0 [Note] InnoDB: Using SSE2 crc32 instructions
2024-01-03 21:41:30 0 [Note] InnoDB: Initializing buffer pool, total size = 16M, instances = 1, chunk size = 16M
2024-01-03 21:41:30 0 [Note] InnoDB: Completed initialization of buffer pool
2024-01-03 21:41:30 0 [Note] InnoDB: Starting crash recovery from checkpoint LSN=303454
2024-01-03 21:41:31 0 [Note] InnoDB: 128 out of 128 rollback segments are active.
2024-01-03 21:41:31 0 [Note] InnoDB: Removed temporary tablespace data file: "ibtmp1"
2024-01-03 21:41:31 0 [Note] InnoDB: Creating shared tablespace for temporary tables
2024-01-03 21:41:31 0 [Note] InnoDB: Setting file 'C:\Users\eduar\Desktop\estoque\mysql\data\ibtmp1' size to 12 MB. Physically writing the file full; Please wait ...
2024-01-03 21:41:31 0 [Note] InnoDB: File 'C:\Users\eduar\Desktop\estoque\mysql\data\ibtmp1' size is now 12 MB.
2024-01-03 21:41:31 0 [Note] InnoDB: Waiting for purge to start
2024-01-03 21:41:31 0 [Note] InnoDB: 10.4.32 started; log sequence number 303463; transaction id 197
2024-01-03 21:41:31 0 [Note] InnoDB: Loading buffer pool(s) from C:\Users\eduar\Desktop\estoque\mysql\data\ib_buffer_pool
2024-01-03 21:41:31 0 [Note] Plugin 'FEEDBACK' is disabled.
2024-01-03 21:41:31 0 [Note] InnoDB: Buffer pool(s) load completed at 240103 21:41:31
2024-01-03 21:41:31 0 [Note] Server socket created on IP: '::'.
2024-01-04  8:01:02 0 [Note] Starting MariaDB 10.4.32-MariaDB source revision c4143f909528e3fab0677a28631d10389354c491 as process 10076
2024-01-04  8:01:02 0 [Note] InnoDB: Mutexes and rw_locks use Windows interlocked functions
2024-01-04  8:01:02 0 [Note] InnoDB: Uses event mutexes
2024-01-04  8:01:02 0 [Note] InnoDB: Compressed tables use zlib 1.3
2024-01-04  8:01:02 0 [Note] InnoDB: Number of pools: 1
2024-01-04  8:01:02 0 [Note] InnoDB: Using SSE2 crc32 instructions
2024-01-04  8:01:02 0 [Note] InnoDB: Initializing buffer pool, total size = 16M, instances = 1, chunk size = 16M
2024-01-04  8:01:02 0 [Note] InnoDB: Completed initialization of buffer pool
2024-01-04  8:01:03 0 [Note] InnoDB: Starting crash recovery from checkpoint LSN=319039
2024-01-04  8:01:03 0 [Note] InnoDB: 128 out of 128 rollback segments are active.
2024-01-04  8:01:03 0 [Note] InnoDB: Removed temporary tablespace data file: "ibtmp1"
2024-01-04  8:01:03 0 [Note] InnoDB: Creating shared tablespace for temporary tables
2024-01-04  8:01:03 0 [Note] InnoDB: Setting file 'C:\Users\eduar\Desktop\estoque\mysql\data\ibtmp1' size to 12 MB. Physically writing the file full; Please wait ...
2024-01-04  8:01:03 0 [Note] InnoDB: File 'C:\Users\eduar\Desktop\estoque\mysql\data\ibtmp1' size is now 12 MB.
2024-01-04  8:01:03 0 [Note] InnoDB: Waiting for purge to start
2024-01-04  8:01:03 0 [Note] InnoDB: 10.4.32 started; log sequence number 319048; transaction id 270
2024-01-04  8:01:03 0 [Note] InnoDB: Loading buffer pool(s) from C:\Users\eduar\Desktop\estoque\mysql\data\ib_buffer_pool
2024-01-04  8:01:03 0 [Note] Plugin 'FEEDBACK' is disabled.
2024-01-04  8:01:03 0 [Note] InnoDB: Buffer pool(s) load completed at 240104  8:01:03
2024-01-04  8:01:03 0 [Note] Server socket created on IP: '::'.
2024-01-04  9:19:41 0 [Note] Starting MariaDB 10.4.32-MariaDB source revision c4143f909528e3fab0677a28631d10389354c491 as process 8612
2024-01-04  9:19:41 0 [Note] InnoDB: Mutexes and rw_locks use Windows interlocked functions
2024-01-04  9:19:41 0 [Note] InnoDB: Uses event mutexes
2024-01-04  9:19:41 0 [Note] InnoDB: Compressed tables use zlib 1.3
2024-01-04  9:19:41 0 [Note] InnoDB: Number of pools: 1
2024-01-04  9:19:41 0 [Note] InnoDB: Using SSE2 crc32 instructions
2024-01-04  9:19:41 0 [Note] InnoDB: Initializing buffer pool, total size = 16M, instances = 1, chunk size = 16M
2024-01-04  9:19:41 0 [Note] InnoDB: Completed initialization of buffer pool
2024-01-04  9:19:41 0 [Note] InnoDB: Starting crash recovery from checkpoint LSN=470148
2024-01-04  9:19:41 0 [Note] InnoDB: 128 out of 128 rollback segments are active.
2024-01-04  9:19:41 0 [Note] InnoDB: Removed temporary tablespace data file: "ibtmp1"
2024-01-04  9:19:41 0 [Note] InnoDB: Creating shared tablespace for temporary tables
2024-01-04  9:19:41 0 [Note] InnoDB: Setting file 'C:\Users\eduar\Desktop\estoque\mysql\data\ibtmp1' size to 12 MB. Physically writing the file full; Please wait ...
2024-01-04  9:19:41 0 [Note] InnoDB: File 'C:\Users\eduar\Desktop\estoque\mysql\data\ibtmp1' size is now 12 MB.
2024-01-04  9:19:41 0 [Note] InnoDB: Waiting for purge to start
2024-01-04  9:19:41 0 [Note] InnoDB: 10.4.32 started; log sequence number 470157; transaction id 662
2024-01-04  9:19:41 0 [Note] InnoDB: Loading buffer pool(s) from C:\Users\eduar\Desktop\estoque\mysql\data\ib_buffer_pool
2024-01-04  9:19:41 0 [Note] Plugin 'FEEDBACK' is disabled.
2024-01-04  9:19:41 0 [Note] InnoDB: Buffer pool(s) load completed at 240104  9:19:41
2024-01-04  9:19:41 0 [Note] Server socket created on IP: '::'.
2024-01-04  9:27:30 0 [Note] Starting MariaDB 10.4.32-MariaDB source revision c4143f909528e3fab0677a28631d10389354c491 as process 6064
2024-01-04  9:27:30 0 [Note] InnoDB: Mutexes and rw_locks use Windows interlocked functions
2024-01-04  9:27:30 0 [Note] InnoDB: Uses event mutexes
2024-01-04  9:27:30 0 [Note] InnoDB: Compressed tables use zlib 1.3
2024-01-04  9:27:30 0 [Note] InnoDB: Number of pools: 1
2024-01-04  9:27:30 0 [Note] InnoDB: Using SSE2 crc32 instructions
2024-01-04  9:27:30 0 [Note] InnoDB: Initializing buffer pool, total size = 16M, instances = 1, chunk size = 16M
2024-01-04  9:27:30 0 [Note] InnoDB: Completed initialization of buffer pool
2024-01-04  9:27:30 0 [Note] InnoDB: Starting crash recovery from checkpoint LSN=503852
2024-01-04  9:27:31 0 [Note] InnoDB: 128 out of 128 rollback segments are active.
2024-01-04  9:27:31 0 [Note] InnoDB: Removed temporary tablespace data file: "ibtmp1"
2024-01-04  9:27:31 0 [Note] InnoDB: Creating shared tablespace for temporary tables
2024-01-04  9:27:31 0 [Note] InnoDB: Setting file 'C:\Users\eduar\Desktop\estoque\mysql\data\ibtmp1' size to 12 MB. Physically writing the file full; Please wait ...
2024-01-04  9:27:31 0 [Note] InnoDB: File 'C:\Users\eduar\Desktop\estoque\mysql\data\ibtmp1' size is now 12 MB.
2024-01-04  9:27:31 0 [Note] InnoDB: Waiting for purge to start
2024-01-04  9:27:31 0 [Note] InnoDB: 10.4.32 started; log sequence number 503861; transaction id 733
2024-01-04  9:27:31 0 [Note] InnoDB: Loading buffer pool(s) from C:\Users\eduar\Desktop\estoque\mysql\data\ib_buffer_pool
2024-01-04  9:27:31 0 [Note] Plugin 'FEEDBACK' is disabled.
2024-01-04  9:27:31 0 [Note] InnoDB: Buffer pool(s) load completed at 240104  9:27:31
2024-01-04  9:27:31 0 [Note] Server socket created on IP: '::'.
2024-01-04  9:51:30 0 [Note] Starting MariaDB 10.4.32-MariaDB source revision c4143f909528e3fab0677a28631d10389354c491 as process 14512
2024-01-04  9:51:30 0 [Note] InnoDB: Mutexes and rw_locks use Windows interlocked functions
2024-01-04  9:51:30 0 [Note] InnoDB: Uses event mutexes
2024-01-04  9:51:30 0 [Note] InnoDB: Compressed tables use zlib 1.3
2024-01-04  9:51:30 0 [Note] InnoDB: Number of pools: 1
2024-01-04  9:51:30 0 [Note] InnoDB: Using SSE2 crc32 instructions
2024-01-04  9:51:30 0 [Note] InnoDB: Initializing buffer pool, total size = 16M, instances = 1, chunk size = 16M
2024-01-04  9:51:30 0 [Note] InnoDB: Completed initialization of buffer pool
2024-01-04  9:51:30 0 [Note] InnoDB: Starting crash recovery from checkpoint LSN=558788
2024-01-04  9:51:30 0 [Note] InnoDB: 128 out of 128 rollback segments are active.
2024-01-04  9:51:30 0 [Note] InnoDB: Removed temporary tablespace data file: "ibtmp1"
2024-01-04  9:51:30 0 [Note] InnoDB: Creating shared tablespace for temporary tables
2024-01-04  9:51:30 0 [Note] InnoDB: Setting file 'C:\Users\eduar\Desktop\estoque\mysql\data\ibtmp1' size to 12 MB. Physically writing the file full; Please wait ...
2024-01-04  9:51:30 0 [Note] InnoDB: File 'C:\Users\eduar\Desktop\estoque\mysql\data\ibtmp1' size is now 12 MB.
2024-01-04  9:51:30 0 [Note] InnoDB: Waiting for purge to start
2024-01-04  9:51:30 0 [Note] InnoDB: 10.4.32 started; log sequence number 558797; transaction id 872
2024-01-04  9:51:30 0 [Note] InnoDB: Loading buffer pool(s) from C:\Users\eduar\Desktop\estoque\mysql\data\ib_buffer_pool
2024-01-04  9:51:30 0 [Note] Plugin 'FEEDBACK' is disabled.
2024-01-04  9:51:30 0 [Note] Server socket created on IP: '::'.
2024-01-06 19:51:02 0 [Note] Starting MariaDB 10.4.32-MariaDB source revision c4143f909528e3fab0677a28631d10389354c491 as process 12448
2024-01-06 19:51:02 0 [Note] InnoDB: Mutexes and rw_locks use Windows interlocked functions
2024-01-06 19:51:02 0 [Note] InnoDB: Uses event mutexes
2024-01-06 19:51:02 0 [Note] InnoDB: Compressed tables use zlib 1.3
2024-01-06 19:51:02 0 [Note] InnoDB: Number of pools: 1
2024-01-06 19:51:02 0 [Note] InnoDB: Using SSE2 crc32 instructions
2024-01-06 19:51:02 0 [Note] InnoDB: Initializing buffer pool, total size = 16M, instances = 1, chunk size = 16M
2024-01-06 19:51:02 0 [Note] InnoDB: Completed initialization of buffer pool
2024-01-06 19:51:02 0 [Note] InnoDB: Starting crash recovery from checkpoint LSN=588125
2024-01-06 19:51:03 0 [Note] InnoDB: 128 out of 128 rollback segments are active.
2024-01-06 19:51:03 0 [Note] InnoDB: Removed temporary tablespace data file: "ibtmp1"
2024-01-06 19:51:03 0 [Note] InnoDB: Creating shared tablespace for temporary tables
2024-01-06 19:51:03 0 [Note] InnoDB: Setting file 'C:\Users\eduar\Desktop\estoque\mysql\data\ibtmp1' size to 12 MB. Physically writing the file full; Please wait ...
2024-01-06 19:51:03 0 [Note] InnoDB: File 'C:\Users\eduar\Desktop\estoque\mysql\data\ibtmp1' size is now 12 MB.
2024-01-06 19:51:03 0 [Note] InnoDB: Waiting for purge to start
2024-01-06 19:51:03 0 [Note] InnoDB: 10.4.32 started; log sequence number 588134; transaction id 993
2024-01-06 19:51:03 0 [Note] InnoDB: Loading buffer pool(s) from C:\Users\eduar\Desktop\estoque\mysql\data\ib_buffer_pool
2024-01-06 19:51:03 0 [Note] Plugin 'FEEDBACK' is disabled.
2024-01-06 19:51:03 0 [Note] InnoDB: Buffer pool(s) load completed at 240106 19:51:03
2024-01-06 19:51:03 0 [Note] Server socket created on IP: '::'.
2024-01-07 14:47:43 0 [Note] Starting MariaDB 10.4.32-MariaDB source revision c4143f909528e3fab0677a28631d10389354c491 as process 3088
2024-01-07 14:47:43 0 [Note] InnoDB: Mutexes and rw_locks use Windows interlocked functions
2024-01-07 14:47:43 0 [Note] InnoDB: Uses event mutexes
2024-01-07 14:47:43 0 [Note] InnoDB: Compressed tables use zlib 1.3
2024-01-07 14:47:43 0 [Note] InnoDB: Number of pools: 1
2024-01-07 14:47:43 0 [Note] InnoDB: Using SSE2 crc32 instructions
2024-01-07 14:47:43 0 [Note] InnoDB: Initializing buffer pool, total size = 16M, instances = 1, chunk size = 16M
2024-01-07 14:47:43 0 [Note] InnoDB: Completed initialization of buffer pool
2024-01-07 14:47:43 0 [Note] InnoDB: Starting crash recovery from checkpoint LSN=588444
2024-01-07 14:47:43 0 [Note] InnoDB: 128 out of 128 rollback segments are active.
2024-01-07 14:47:43 0 [Note] InnoDB: Removed temporary tablespace data file: "ibtmp1"
2024-01-07 14:47:43 0 [Note] InnoDB: Creating shared tablespace for temporary tables
2024-01-07 14:47:43 0 [Note] InnoDB: Setting file 'C:\Users\eduar\Desktop\estoque\mysql\data\ibtmp1' size to 12 MB. Physically writing the file full; Please wait ...
2024-01-07 14:47:43 0 [Note] InnoDB: File 'C:\Users\eduar\Desktop\estoque\mysql\data\ibtmp1' size is now 12 MB.
2024-01-07 14:47:43 0 [Note] InnoDB: Waiting for purge to start
2024-01-07 14:47:43 0 [Note] InnoDB: 10.4.32 started; log sequence number 588453; transaction id 998
2024-01-07 14:47:43 0 [Note] InnoDB: Loading buffer pool(s) from C:\Users\eduar\Desktop\estoque\mysql\data\ib_buffer_pool
2024-01-07 14:47:43 0 [Note] Plugin 'FEEDBACK' is disabled.
2024-01-07 14:47:43 0 [Note] Server socket created on IP: '::'.
2024-01-09  8:22:06 0 [Note] Starting MariaDB 10.4.32-MariaDB source revision c4143f909528e3fab0677a28631d10389354c491 as process 7352
2024-01-09  8:22:06 0 [Note] InnoDB: Mutexes and rw_locks use Windows interlocked functions
2024-01-09  8:22:06 0 [Note] InnoDB: Uses event mutexes
2024-01-09  8:22:06 0 [Note] InnoDB: Compressed tables use zlib 1.3
2024-01-09  8:22:06 0 [Note] InnoDB: Number of pools: 1
2024-01-09  8:22:06 0 [Note] InnoDB: Using SSE2 crc32 instructions
2024-01-09  8:22:06 0 [Note] InnoDB: Initializing buffer pool, total size = 16M, instances = 1, chunk size = 16M
2024-01-09  8:22:06 0 [Note] InnoDB: Completed initialization of buffer pool
2024-01-09  8:22:06 0 [Note] InnoDB: Starting crash recovery from checkpoint LSN=612455
2024-01-09  8:22:07 0 [Note] InnoDB: 128 out of 128 rollback segments are active.
2024-01-09  8:22:07 0 [Note] InnoDB: Removed temporary tablespace data file: "ibtmp1"
2024-01-09  8:22:07 0 [Note] InnoDB: Creating shared tablespace for temporary tables
2024-01-09  8:22:07 0 [Note] InnoDB: Setting file 'C:\Users\eduar\Desktop\estoque\mysql\data\ibtmp1' size to 12 MB. Physically writing the file full; Please wait ...
2024-01-09  8:22:07 0 [Note] InnoDB: File 'C:\Users\eduar\Desktop\estoque\mysql\data\ibtmp1' size is now 12 MB.
2024-01-09  8:22:07 0 [Note] InnoDB: Waiting for purge to start
2024-01-09  8:22:07 0 [Note] InnoDB: 10.4.32 started; log sequence number 612464; transaction id 1113
2024-01-09  8:22:07 0 [Note] InnoDB: Loading buffer pool(s) from C:\Users\eduar\Desktop\estoque\mysql\data\ib_buffer_pool
2024-01-09  8:22:07 0 [Note] Plugin 'FEEDBACK' is disabled.
2024-01-09  8:22:07 0 [Note] InnoDB: Buffer pool(s) load completed at 240109  8:22:07
2024-01-09  8:22:07 0 [Note] Server socket created on IP: '::'.
